Net 1
+ 50 95 30.5 95 1 2
+ 30.5 95 30.5 9.5 2 1
+ 30.5 9.5 20.5 9.5 1 1
+ 20.5 9.5 20.5 5 2 1
+ 20.5 5 20 5 1 2
+ 20 5 50 5 1 2
+ 50 5 80 5 1 2
+ 80 5 79.5 5 1 2
+ 79.5 5 79.5 9.5 2 1
+ 79.5 9.5 69.5 9.5 1 1
+ 69.5 9.5 69.5 35 2 1
+ 69.5 35 20 35 1 2
+ 20 35 50 35 1 2
+ 50 35 80 35 1 2
+ 80 35 79.5 35 1 2
+ 79.5 35 79.5 39.5 2 1
+ 79.5 39.5 69.5 39.5 1 1
+ 69.5 39.5 69.5 65 2 1
+ 69.5 65 20 65 1 2
+ 20 65 50 65 1 2
+ 50 65 80 65 1 2
Net 2
+ 95 50 95 49.5 2 2
+ 95 49.5 90.5 49.5 1 1
+ 90.5 49.5 90.5 39.5 2 1
+ 90.5 39.5 30.5 39.5 1 1
+ 30.5 39.5 30.5 9.5 2 1
+ 30.5 9.5 15.5 9.5 1 1
+ 15.5 9.5 15.5 5 2 1
+ 15.5 5 15 5 1 2
+ 15 5 45 5 1 2
+ 45 5 75 5 1 2
+ 75 5 74.5 5 1 2
+ 74.5 5 74.5 9.5 2 1
+ 74.5 9.5 69.5 9.5 1 1
+ 69.5 9.5 69.5 35 2 1
+ 69.5 35 15 35 1 2
+ 15 35 45 35 1 2
+ 45 35 75 35 1 2
+ 75 35 74.5 35 1 2
+ 74.5 35 74.5 39.5 2 1
+ 74.5 39.5 69.5 39.5 1 1
+ 69.5 39.5 69.5 65 2 1
+ 69.5 65 15 65 1 2
+ 15 65 45 65 1 2
+ 45 65 75 65 1 2
Net 3
+ 5 50 5 49.5 2 2
+ 5 49.5 9.5 49.5 1 1
+ 9.5 49.5 9.5 9.5 2 1
+ 9.5 9.5 25 9.5 1 1
+ 25 9.5 25 5 2 2
+ 25 5 25 5.5 2 2
+ 25 5.5 55 5.5 1 1
+ 55 5.5 55 5 2 2
+ 55 5 55 5.5 2 2
+ 55 5.5 85 5.5 1 1
+ 85 5.5 85 5 2 2
+ 85 5 85 9.5 2 2
+ 85 9.5 69.5 9.5 1 1
+ 69.5 9.5 69.5 34.5 2 1
+ 69.5 34.5 25 34.5 1 1
+ 25 34.5 25 35 2 2
+ 25 35 25 35.5 2 2
+ 25 35.5 55 35.5 1 1
+ 55 35.5 55 35 2 2
+ 55 35 55 35.5 2 2
+ 55 35.5 85 35.5 1 1
+ 85 35.5 85 35 2 2
+ 85 35 85 39.5 2 2
+ 85 39.5 69.5 39.5 1 1
+ 69.5 39.5 69.5 64.5 2 1
+ 69.5 64.5 25 64.5 1 1
+ 25 64.5 25 65 2 2
+ 25 65 25 65.5 2 2
+ 25 65.5 55 65.5 1 1
+ 55 65.5 55 65 2 2
+ 55 65 55 65.5 2 2
+ 55 65.5 85 65.5 1 1
+ 85 65.5 85 65 2 2
Net 4
+ 1 1 1 1.5 2 2
+ 1 1.5 90.5 1.5 1 1
+ 90.5 1.5 90.5 91 2 1
+ 90.5 91 91 91 1 2
Net 5
+ 2 2 2 2.5 2 2
+ 2 2.5 91.5 2.5 1 1
+ 91.5 2.5 91.5 92 2 1
+ 91.5 92 92 92 1 2
Net 6
+ 3 3 3 3.5 2 2
+ 3 3.5 92.5 3.5 1 1
+ 92.5 3.5 92.5 93 2 1
+ 92.5 93 93 93 1 2
Net 7
+ 4 4 4 4.5 2 2
+ 4 4.5 93.5 4.5 1 1
+ 93.5 4.5 93.5 94 2 1
+ 93.5 94 94 94 1 2
Net 8
+ 5 5 5 5.5 2 2
+ 5 5.5 94.5 5.5 1 1
+ 94.5 5.5 94.5 95 2 1
+ 94.5 95 95 95 1 2
Net 9
+ 6 6 6 6.5 2 2
+ 6 6.5 95.5 6.5 1 1
+ 95.5 6.5 95.5 96 2 1
+ 95.5 96 96 96 1 2
Net 10
+ 7 7 7 7.5 2 2
+ 7 7.5 96.5 7.5 1 1
+ 96.5 7.5 96.5 97 2 1
+ 96.5 97 97 97 1 2
Net 11
+ 8 8 8 8.5 2 2
+ 8 8.5 97.5 8.5 1 1
+ 97.5 8.5 97.5 98 2 1
+ 97.5 98 98 98 1 2
Net 12
+ 9 9 9 9.5 2 2
+ 9 9.5 98.5 9.5 1 1
+ 98.5 9.5 98.5 99 2 1
+ 98.5 99 99 99 1 2
Net 13
+ 15 7 69.5 7 1 2
+ 69.5 7 69.5 90.5 2 1
+ 69.5 90.5 85 90.5 1 1
+ 85 90.5 85 95 2 2
Net 14
+ 1 91 99 91 1 2
+ 99 91 99 9 2 2
Net 15
+ 2 92 98 92 1 2
+ 98 92 98 8 2 2
Net 16
+ 3 93 97 93 1 2
+ 97 93 97 7 2 2
Net 17
+ 4 94 96 94 1 2
+ 96 94 96 6 2 2
Net 18
+ 5 95 95 95 1 2
+ 95 95 95 5 2 2
Net 19
+ 6 96 94 96 1 2
+ 94 96 94 4 2 2
Net 20
+ 7 97 93 97 1 2
+ 93 97 93 3 2 2
Net 21
+ 8 98 92 98 1 2
+ 92 98 92 2 2 2
Net 22
+ 9 99 91 99 1 2
+ 91 99 91 1 2 2
Net 23
+ 15 95 15 94.5 2 2
+ 15 94.5 94.5 94.5 1 1
+ 94.5 94.5 94.5 15 2 1
+ 94.5 15 95 15 1 2
Net 24
+ 32 20 32 50 2 2
+ 32 50 32 80 2 2
+ 32 80 32 79.5 2 2
+ 32 79.5 39.5 79.5 1 1
+ 39.5 79.5 39.5 69.5 2 1
+ 39.5 69.5 68 69.5 1 1
+ 68 69.5 68 50 2 2
Net 25
+ 34 20 34 50 2 2
+ 34 50 34 80 2 2
+ 34 80 34 79.5 2 2
+ 34 79.5 39.5 79.5 1 1
+ 39.5 79.5 39.5 69.5 2 1
+ 39.5 69.5 66 69.5 1 1
+ 66 69.5 66 50 2 2
Net 26
+ 36 20 36 80 2 2
Net 27
+ 38 20 38 80 2 2
Net 28
+ 62 20 62 50 2 2
+ 62 50 62 80 2 2
+ 62 80 62 79.5 2 2
+ 62 79.5 60.5 79.5 1 1
+ 60.5 79.5 60.5 69.5 2 1
+ 60.5 69.5 36 69.5 1 1
+ 36 69.5 36 50 2 2
Net 29
+ 64 20 64 50 2 2
+ 64 50 64 80 2 2
+ 64 80 64 79.5 2 2
+ 64 79.5 60.5 79.5 1 1
+ 60.5 79.5 60.5 69.5 2 1
+ 60.5 69.5 38 69.5 1 1
+ 38 69.5 38 50 2 2
Net 30
+ 66 20 66 80 2 2
Net 31
+ 68 20 68 80 2 2
Net 32
+ 38 38 68 38 1 2
+ 68 38 68.5 38 1 2
+ 68.5 38 68.5 67.5 2 1
+ 68.5 67.5 68 67.5 1 1
+ 68 67.5 68 68 2 2
Net 33
+ 32 32 32 68 2 2
+ 32 68 32 67.5 2 2
+ 32 67.5 65.5 67.5 1 1
+ 65.5 67.5 65.5 66 2 1
+ 65.5 66 66 66 1 2
