672
2212
3053
5361
5864
5894
6486
6798
10377
11380
14931
16693
16969
17548
18946
20705
20896
21532
22287
22312
23252
28792
29353
29611
31172
31546
33796
35132
36484
37675
38128
39629
39750
39931
41440
41545
42105
42118
45099
45350
45590
45603
45633
48456
49037
49145
51323
51427
51824
52042
53425
55685
57607
59073
60000
61098
62175
62197
63421
63816
64143
65014
66519
66870
67066
67257
67962
69206
69311
69744
71528
72386
78278
80570
81456
82454
83802
87127
88100
89167
89691
89796
90011
90126
90900
92242
95408
95648
95833
96623
96726
97278
100000
30933696
