Net 1
25 34 81 34
81 34 81 10
81 10 25 10
25 10 25 9
Net 2
7 40 76 40
76 40 76 47
Net 3
84 315 60 315
60 315 60 220
60 220 60 249
60 249 26 249
26 249 38 249
38 249 38 106
38 106 77 106
77 106 77 276
Net 4
81 337 65 337
65 337 65 318
Net 5
65 359 65 433
65 433 21 433
Net 6
89 667 88 667
88 667 88 618
88 618 75 618
75 618 75 495
Net 7
21 775 21 892
21 892 2 892
Net 8
95 18 97 18
97 18 97 39
97 39 112 39
112 39 112 33
112 33 101 33
101 33 101 4
101 4 105 4
105 4 105 10
105 10 105 20
105 20 97 20
97 20 104 20
104 20 104 94
104 94 109 94
109 94 109 17
109 17 114 17
114 17 114 23
114 23 96 23
96 23 96 15
Net 9
98 105 101 105
101 105 101 127
101 127 111 127
111 127 111 121
Net 10
93 139 107 139
107 139 107 159
Net 11
103 219 115 219
115 219 115 192
115 192 115 197
115 197 108 197
108 197 110 197
110 197 110 225
110 225 110 279
110 279 100 279
100 279 104 279
104 279 104 214
104 214 96 214
96 214 96 189
96 189 104 189
104 189 104 174
104 174 104 245
104 245 96 245
96 245 114 245
114 245 114 193
114 193 114 313
114 313 109 313
Net 12
109 495 115 495
115 495 115 462
Net 13
101 701 96 701
96 701 96 688
Net 14
109 846 111 846
111 846 111 931
111 931 108 931
108 931 108 863
108 863 108 932
108 932 105 932
105 932 112 932
112 932 112 859
Net 15
328 10 218 10
218 10 218 2
Net 16
312 106 290 106
290 106 290 91
290 91 244 91
244 91 244 26
244 26 285 26
285 26 285 94
285 94 168 94
168 94 168 67
Net 17
296 114 169 114
Net 18
283 212 283 309
283 309 271 309
Net 19
182 501 182 504
182 504 145 504
Net 20
119 680 159 680
159 680 159 620
Net 21
200 795 292 795
292 795 292 926
Net 22
407 12 431 12
431 12 431 9
431 9 345 9
345 9 345 6
345 6 369 6
369 6 369 5
369 5 454 5
454 5 454 4
454 4 465 4
465 4 465 13
465 13 435 13
Net 23
341 37 437 37
437 37 437 113
Net 24
384 130 467 130
467 130 467 154
Net 25
414 315 376 315
376 315 376 182
Net 26
350 551 463 551
463 551 463 550
463 550 418 550
418 550 418 518
418 518 418 539
418 539 387 539
387 539 439 539
439 539 439 568
Net 27
431 683 454 683
454 683 454 682
Net 28
447 836 351 836
351 836 351 825
Net 29
520 102 503 102
503 102 503 61
Net 30
505 186 517 186
517 186 517 214
Net 31
504 303 504 313
504 313 500 313
500 313 500 356
500 356 503 356
503 356 503 370
Net 32
528 467 523 467
523 467 523 464
523 464 523 476
523 476 522 476
522 476 506 476
506 476 506 474
506 474 509 474
509 474 509 461
Net 33
511 663 511 696
511 696 495 696
Net 34
500 847 506 847
Net 35
428 959 489 959
489 959 489 976
489 976 528 976
528 976 528 959
Net 36
787 155 787 280
787 280 594 280
594 280 631 280
631 280 631 199
631 199 550 199
550 199 550 56
550 56 597 56
597 56 597 32
597 32 597 56
597 56 550 56
550 56 550 156
550 156 720 156
720 156 720 193
720 193 998 193
998 193 998 238
998 238 847 238
847 238 847 93
847 93 964 93
964 93 964 139
964 139 964 262
964 262 917 262
917 262 899 262
899 262 899 33
Net 37
926 378 768 378
768 378 768 339
Net 38
714 450 736 450
736 450 736 396
Net 39
612 516 612 582
612 582 573 582
573 582 573 584
573 584 537 584
Net 40
936 954 558 954
558 954 558 927
