Net 1
32 3 32 45
32 45 0 45
Net 2
25 275 34 275
34 275 34 259
34 259 68 259
68 259 68 319
68 319 39 319
39 319 39 298
39 298 82 298
82 298 82 158
82 158 126 158
126 158 126 130
126 130 131 130
131 130 131 161
131 161 97 161
97 161 97 125
97 125 133 125
133 125 133 268
133 268 121 268
121 268 121 172
Net 3
121 347 69 347
69 347 59 347
59 347 95 347
95 347 126 347
126 347 126 346
126 346 146 346
146 346 111 346
111 346 43 346
43 346 126 346
126 346 72 346
72 346 6 346
Net 4
22 372 9 372
9 372 9 352
9 352 100 352
100 352 100 355
100 355 100 359
100 359 12 359
12 359 136 359
136 359 136 362
136 362 136 376
136 376 130 376
130 376 134 376
134 376 134 368
134 368 135 368
135 368 135 360
135 360 103 360
103 360 103 351
103 351 103 371
103 371 95 371
Net 5
143 390 133 390
133 390 133 389
Net 6
151 34 169 34
169 34 169 8
Net 7
235 98 189 98
189 98 189 92
189 92 239 92
239 92 239 98
239 98 205 98
205 98 205 97
205 97 236 97
236 97 236 99
236 99 218 99
218 99 218 95
218 95 218 97
218 97 174 97
174 97 199 97
199 97 199 89
199 89 199 99
199 99 171 99
171 99 217 99
217 99 217 87
Net 8
227 101 227 103
227 103 191 103
Net 9
169 109 213 109
213 109 213 120
Net 10
153 308 174 308
174 308 174 378
Net 11
265 7 273 7
273 7 273 35
273 35 270 35
270 35 270 14
270 14 266 14
266 14 266 9
266 9 270 9
270 9 270 34
270 34 270 37
270 37 246 37
246 37 269 37
269 37 269 21
269 21 274 21
274 21 274 23
274 23 270 23
270 23 270 14
270 14 260 14
260 14 260 13
260 13 277 13
277 13 277 41
277 41 277 46
277 46 271 46
Net 12
272 78 275 78
275 78 275 105
275 105 275 159
275 159 251 159
251 159 259 159
259 159 259 93
259 93 271 93
271 93 271 121
271 121 285 121
285 121 285 178
285 178 247 178
247 178 247 77
247 77 248 77
248 77 248 86
248 86 253 86
253 86 253 65
253 65 274 65
274 65 274 115
Net 13
247 268 257 268
257 268 257 244
Net 14
244 337 262 337
262 337 262 317
Net 15
276 362 276 368
276 368 265 368
265 368 267 368
267 368 267 357
267 357 278 357
278 357 278 352
278 352 283 352
283 352 283 394
283 394 280 394
280 394 280 393
280 393 280 386
280 386 282 386
282 386 282 392
282 392 277 392
277 392 277 361
277 361 277 384
277 384 256 384
Net 16
362 14 362 20
362 20 342 20
Net 17
297 95 297 119
297 119 289 119
289 119 349 119
349 119 349 110
349 110 367 110
367 110 367 100
367 100 367 122
367 122 345 122
345 122 310 122
310 122 310 92
310 92 341 92
341 92 341 65
341 65 341 85
341 85 322 85
322 85 389 85
389 85 389 82
389 82 389 90
389 90 302 90
Net 18
325 280 373 280
373 280 373 144
Net 19
306 317 386 317
386 317 386 313
Net 20
392 363 392 376
392 376 364 376
364 376 339 376
339 376 339 360
339 360 339 362
339 362 338 362
338 362 367 362
367 362 367 339
